[2019-01-17 15:32:34] local.ERROR: Symfony\Component\Debug\Exception\FatalErrorException: App\Console\Commands\TestCommand::App\Console\Commands\{closure}(): Failed opening required '/Volumes/develop/web/lumen-swoole/app/Console/Commands/../routes/web.php' (include_path='.:/usr/local/Cellar/php/7.2.7/share/php/pear') in /Volumes/develop/web/lumen-swoole/app/Console/Commands/TestCommand.php:55
Stack trace:
#0 /Volumes/develop/web/lumen-swoole/vendor/laravel/lumen-framework/src/Concerns/RegistersExceptionHandlers.php(54): Laravel\Lumen\Application->handleShutdown()
#1 [internal function]: Laravel\Lumen\Application->Laravel\Lumen\Concerns\{closure}()
#2 {main} {"exception":"[object] (Symfony\\Component\\Debug\\Exception\\FatalErrorException(code: 64): App\\Console\\Commands\\TestCommand::App\\Console\\Commands\\{closure}(): Failed opening required '/Volumes/develop/web/lumen-swoole/app/Console/Commands/../routes/web.php' (include_path='.:/usr/local/Cellar/php/7.2.7/share/php/pear') at /Volumes/develop/web/lumen-swoole/app/Console/Commands/TestCommand.php:55)
[stacktrace]
#0 /Volumes/develop/web/lumen-swoole/vendor/laravel/lumen-framework/src/Concerns/RegistersExceptionHandlers.php(54): Laravel\\Lumen\\Application->handleShutdown()
#1 [internal function]: Laravel\\Lumen\\Application->Laravel\\Lumen\\Concerns\\{closure}()
#2 {main}
"} 
[2019-01-17 15:32:34] local.ERROR: Symfony\Component\Debug\Exception\FatalErrorException: App\Console\Commands\TestCommand::App\Console\Commands\{closure}(): Failed opening required '/Volumes/develop/web/lumen-swoole/app/Console/Commands/../routes/web.php' (include_path='.:/usr/local/Cellar/php/7.2.7/share/php/pear') in /Volumes/develop/web/lumen-swoole/app/Console/Commands/TestCommand.php:55
Stack trace:
#0 /Volumes/develop/web/lumen-swoole/vendor/laravel/lumen-framework/src/Concerns/RegistersExceptionHandlers.php(54): Laravel\Lumen\Application->handleShutdown()
#1 [internal function]: Laravel\Lumen\Application->Laravel\Lumen\Concerns\{closure}()
#2 {main} {"exception":"[object] (Symfony\\Component\\Debug\\Exception\\FatalErrorException(code: 64): App\\Console\\Commands\\TestCommand::App\\Console\\Commands\\{closure}(): Failed opening required '/Volumes/develop/web/lumen-swoole/app/Console/Commands/../routes/web.php' (include_path='.:/usr/local/Cellar/php/7.2.7/share/php/pear') at /Volumes/develop/web/lumen-swoole/app/Console/Commands/TestCommand.php:55)
[stacktrace]
#0 /Volumes/develop/web/lumen-swoole/vendor/laravel/lumen-framework/src/Concerns/RegistersExceptionHandlers.php(54): Laravel\\Lumen\\Application->handleShutdown()
#1 [internal function]: Laravel\\Lumen\\Application->Laravel\\Lumen\\Concerns\\{closure}()
#2 {main}
"} 
